<?xml version="1.0" encoding="UTF-8"?>
<!-- Generated by org.testng.reporters.JUnitXMLReporter -->
<testsuite ignored="0" hostname="DESKTOP-EFR18P0" failures="0" tests="11" name="Test" time="90.857" errors="0" timestamp="2021-12-14T11:35:23 IST">
  <testcase classname="TestNG.login" name="a_login" time="14.759"/>
  <testcase classname="TestNG.login" name="b_Dashboard" time="10.001"/>
  <testcase classname="TestNG.login" name="c_shippingAddress" time="22.756"/>
  <testcase classname="TestNG.login" name="d_Billingaddress" time="14.971"/>
  <testcase classname="TestNG.login" name="e_Subscription" time="4.26"/>
  <testcase classname="TestNG.login" name="f_Orders" time="2.582"/>
  <testcase classname="TestNG.login" name="g_ColdBrew" time="2.07"/>
  <testcase classname="TestNG.login" name="h_MyPoints" time="1.891"/>
  <testcase classname="TestNG.login" name="i_SavedCards" time="3.201"/>
  <testcase classname="TestNG.login" name="j_UserDetails" time="2.068"/>
  <testcase classname="TestNG.login" name="k_ReferFriends" time="5.026"/>
</testsuite> <!-- Test -->
