<?xml version="1.0" encoding="UTF-8"?>
<!-- Generated by org.testng.reporters.JUnitXMLReporter -->
<testsuite ignored="0" hostname="DESKTOP-EFR18P0" failures="0" tests="41" name="Test" time="337.702" errors="0" timestamp="2021-12-14T10:40:32 IST">
  <testcase classname="TestNG.SUSTAINABILITY" name="a_getlist" time="0.187"/>
  <testcase classname="TestNG.SUSTAINABILITY" name="b_CoffeeStories" time="0.216"/>
  <testcase classname="TestNG.SUSTAINABILITY" name="c_EcoFriendly" time="6.035"/>
  <testcase classname="TestNG.SUSTAINABILITY" name="d_BeanForBean" time="4.233"/>
  <testcase classname="TestNG.SUSTAINABILITY" name="e_FarmerFeedback" time="50.234"/>
  <testcase classname="TestNG.SUSTAINABILITY" name="f_CarbonNatural" time="7.752"/>
  <testcase classname="TestNG.SUSTAINABILITY" name="g_PriceTrabsparency" time="7.591"/>
  <testcase classname="TestNG.login" name="a_login" time="15.24"/>
  <testcase classname="TestNG.login" name="b_Dashboard" time="11.213"/>
  <testcase classname="TestNG.login" name="c_shippingAddress" time="24.039"/>
  <testcase classname="TestNG.login" name="d_Billingaddress" time="14.255"/>
  <testcase classname="TestNG.login" name="e_Subscription" time="4.26"/>
  <testcase classname="TestNG.login" name="f_Orders" time="2.53"/>
  <testcase classname="TestNG.login" name="g_ColdBrew" time="1.806"/>
  <testcase classname="TestNG.login" name="h_MyPoints" time="1.899"/>
  <testcase classname="TestNG.login" name="i_SavedCards" time="4.134"/>
  <testcase classname="TestNG.login" name="j_UserDetails" time="2.604"/>
  <testcase classname="TestNG.login" name="k_ReferFriends" time="6.477"/>
  <testcase classname="TestNG.Gift" name="a_getlist" time="0.16"/>
  <testcase classname="TestNG.Gift" name="b_subscription" time="4.465"/>
  <testcase classname="TestNG.Gift" name="c_SingleBag" time="6.737"/>
  <testcase classname="TestNG.Gift" name="d_Virtual" time="4.845"/>
  <testcase classname="TestNG.Gift" name="e_ExplorerKit" time="3.049"/>
  <testcase classname="TestNG.Gift" name="f_recieved" time="3.196"/>
  <testcase classname="TestNG.About" name="a_About" time="0.179"/>
  <testcase classname="TestNG.About" name="b_AboutUs" time="7.026"/>
  <testcase classname="TestNG.About" name="c_OurStory" time="3.878"/>
  <testcase classname="TestNG.About" name="e_CoffeeCadmy" time="4.216"/>
  <testcase classname="TestNG.About" name="f_AccessReviews" time="10.833"/>
  <testcase classname="TestNG.About" name="g_PressKit" time="13.846"/>
  <testcase classname="TestNG.Help" name="a_Help" time="0.064"/>
  <testcase classname="TestNG.Help" name="b_HelpCenter" time="5.345"/>
  <testcase classname="TestNG.Shop" name="a_getlist" time="0.166"/>
  <testcase classname="TestNG.Shop" name="b_Subscription" time="7.641"/>
  <testcase classname="TestNG.Shop" name="c_SingleBags" time="13.014"/>
  <testcase classname="TestNG.Shop" name="d_ColdBrew" time="6.11"/>
  <testcase classname="TestNG.Shop" name="e_CoffeeGear" time="6.41"/>
  <testcase classname="TestNG.Shop" name="f_VirtualTest" time="17.312"/>
  <testcase classname="TestNG.Shop" name="g_ExplorerKit" time="10.302"/>
  <testcase classname="TestNG.view_coffee" name="a" time="29.789"/>
  <testcase classname="TestNG.view_coffee" name="b" time="1.87"/>
</testsuite> <!-- Test -->
