<?xml version="1.0" encoding="UTF-8"?>
<!-- Generated by org.testng.reporters.JUnitXMLReporter -->
<testsuite ignored="0" hostname="DESKTOP-EFR18P0" failures="0" tests="6" name="Test1" time="83.027" errors="0" timestamp="2021-12-14T11:58:24 IST">
  <testcase classname="TestNG.SUSTAINABILITY" name="a_getlist" time="0.141"/>
  <testcase classname="TestNG.SUSTAINABILITY" name="b_CoffeeStories" time="0.214"/>
  <testcase classname="TestNG.SUSTAINABILITY" name="c_EcoFriendly" time="4.582"/>
  <testcase classname="TestNG.SUSTAINABILITY" name="d_BeanForBean" time="3.291"/>
  <testcase classname="TestNG.SUSTAINABILITY" name="e_FarmerFeedback" time="71.138"/>
  <testcase classname="TestNG.SUSTAINABILITY" name="f_CarbonNatural" time="3.036"/>
</testsuite> <!-- Test1 -->
