<?xml version="1.0" encoding="UTF-8"?>
<!-- Generated by org.testng.reporters.JUnitXMLReporter -->
<testsuite ignored="0" hostname="DESKTOP-EFR18P0" failures="0" tests="7" name="Default test" time="66.206" errors="0" timestamp="2021-12-14T10:18:27 IST">
  <testcase classname="TestNG.SUSTAINABILITY" name="a_getlist" time="0.196"/>
  <testcase classname="TestNG.SUSTAINABILITY" name="b_CoffeeStories" time="0.196"/>
  <testcase classname="TestNG.SUSTAINABILITY" name="c_EcoFriendly" time="4.544"/>
  <testcase classname="TestNG.SUSTAINABILITY" name="d_BeanForBean" time="4.184"/>
  <testcase classname="TestNG.SUSTAINABILITY" name="e_FarmerFeedback" time="48.792"/>
  <testcase classname="TestNG.SUSTAINABILITY" name="f_CarbonNatural" time="4.753"/>
  <testcase classname="TestNG.SUSTAINABILITY" name="g_PriceTrabsparency" time="2.917"/>
</testsuite> <!-- Default test -->
