<?xml version="1.0" encoding="UTF-8"?>
<!-- Generated by org.testng.reporters.JUnitXMLReporter -->
<testsuite ignored="0" hostname="DESKTOP-EFR18P0" failures="0" tests="11" name="Default test" time="92.894" errors="0" timestamp="2021-12-14T11:33:19 IST">
  <testcase classname="TestNG.login" name="a_login" time="13.129"/>
  <testcase classname="TestNG.login" name="b_Dashboard" time="10.28"/>
  <testcase classname="TestNG.login" name="c_shippingAddress" time="24.929"/>
  <testcase classname="TestNG.login" name="d_Billingaddress" time="15.374"/>
  <testcase classname="TestNG.login" name="e_Subscription" time="4.421"/>
  <testcase classname="TestNG.login" name="f_Orders" time="2.478"/>
  <testcase classname="TestNG.login" name="g_ColdBrew" time="1.947"/>
  <testcase classname="TestNG.login" name="h_MyPoints" time="1.844"/>
  <testcase classname="TestNG.login" name="i_SavedCards" time="3.414"/>
  <testcase classname="TestNG.login" name="j_UserDetails" time="2.46"/>
  <testcase classname="TestNG.login" name="k_ReferFriends" time="4.723"/>
</testsuite> <!-- Default test -->
