<?xml version="1.0" encoding="UTF-8"?>
<!-- Generated by org.testng.reporters.JUnitXMLReporter -->
<testsuite ignored="7" hostname="DESKTOP-EFR18P0" failures="1" tests="1" name="Test(failed)" time="0.507" errors="0" timestamp="2021-11-28T11:11:14 IST">
  <testcase classname="TestNG.About" name="d_ReferAFriend" time="0.055">
    <failure type="org.openqa.selenium.ElementClickInterceptedException" message="Element &amp;lt;a href=&amp;quot;/refer/&amp;quot;&amp;gt; is not clickable at point (559,633) because another element &amp;lt;div class=&amp;quot;modal-container&amp;quot;&amp;gt; obscures it
Build info: version: &amp;apos;3.141.59&amp;apos;, revision: &amp;apos;e82be7d358&amp;apos;, time: &amp;apos;2018-11-14T08:25:53&amp;apos;
System info: host: &amp;apos;DESKTOP-EFR18P0&amp;apos;, ip: &amp;apos;192.168.31.146&amp;apos;, os.name: &amp;apos;Windows 10&amp;apos;, os.arch: &amp;apos;amd64&amp;apos;, os.version: &amp;apos;10.0&amp;apos;, java.version: &amp;apos;17&amp;apos;
Driver info: org.openqa.selenium.firefox.FirefoxDriver
Capabilities {acceptInsecureCerts: true, browserName: firefox, browserVersion: 95.0, javascriptEnabled: true, moz:accessibilityChecks: false, moz:buildID: 20211125185815, moz:geckodriverVersion: 0.29.1, moz:headless: false, moz:processID: 1240, moz:profile: C:\Users\admin\AppData\Loca..., moz:shutdownTimeout: 60000, moz:useNonSpecCompliantPointerOrigin: false, moz:webdriverClick: true, pageLoadStrategy: normal, platform: WINDOWS, platformName: WINDOWS, platformVersion: 10.0, proxy: Proxy(), setWindowRect: true, strictFileInteractability: false, timeouts: {implicit: 0, pageLoad: 300000, script: 30000}, unhandledPromptBehavior: dismiss and notify}
Session ID: 422e5b34-db18-4045-bb20-9cb8060eaeea">
      <![CDATA[org.openqa.selenium.ElementClickInterceptedException: Element <a href="/refer/"> is not clickable at point (559,633) because another element <div class="modal-container"> obscures it
Build info: version: '3.141.59', revision: 'e82be7d358', time: '2018-11-14T08:25:53'
System info: host: 'DESKTOP-EFR18P0', ip: '192.168.31.146', os.name: 'Windows 10', os.arch: 'amd64', os.version: '10.0', java.version: '17'
Driver info: org.openqa.selenium.firefox.FirefoxDriver
Capabilities {acceptInsecureCerts: true, browserName: firefox, browserVersion: 95.0, javascriptEnabled: true, moz:accessibilityChecks: false, moz:buildID: 20211125185815, moz:geckodriverVersion: 0.29.1, moz:headless: false, moz:processID: 1240, moz:profile: C:\Users\admin\AppData\Loca..., moz:shutdownTimeout: 60000, moz:useNonSpecCompliantPointerOrigin: false, moz:webdriverClick: true, pageLoadStrategy: normal, platform: WINDOWS, platformName: WINDOWS, platformVersion: 10.0, proxy: Proxy(), setWindowRect: true, strictFileInteractability: false, timeouts: {implicit: 0, pageLoad: 300000, script: 30000}, unhandledPromptBehavior: dismiss and notify}
Session ID: 422e5b34-db18-4045-bb20-9cb8060eaeea
at org.openqa.selenium.remote.http.W3CHttpResponseCodec.createException(W3CHttpResponseCodec.java:187)
at org.openqa.selenium.remote.http.W3CHttpResponseCodec.decode(W3CHttpResponseCodec.java:122)
at org.openqa.selenium.remote.http.W3CHttpResponseCodec.decode(W3CHttpResponseCodec.java:49)
at org.openqa.selenium.remote.HttpCommandExecutor.execute(HttpCommandExecutor.java:158)
at org.openqa.selenium.remote.service.DriverCommandExecutor.execute(DriverCommandExecutor.java:83)
at org.openqa.selenium.remote.RemoteWebDriver.execute(RemoteWebDriver.java:552)
at org.openqa.selenium.remote.RemoteWebElement.execute(RemoteWebElement.java:285)
at org.openqa.selenium.remote.RemoteWebElement.click(RemoteWebElement.java:84)
at TestNG.About.d_ReferAFriend(About.java:82)
at java.base/java.util.ArrayList.forEach(ArrayList.java:1511)
... Removed 32 stack frames]]>
    </failure>
  </testcase> <!-- d_ReferAFriend -->
  <testcase classname="TestNG.About" name="e_CoffeeCadmy" time="0.0">
    <ignored/>
  </testcase> <!-- e_CoffeeCadmy -->
  <testcase classname="TestNG.About" name="c_OurStory" time="0.0">
    <ignored/>
  </testcase> <!-- c_OurStory -->
  <testcase classname="TestNG.About" name="a_About" time="0.0">
    <ignored/>
  </testcase> <!-- a_About -->
  <testcase classname="TestNG.About" name="g_PressKit" time="0.0">
    <ignored/>
  </testcase> <!-- g_PressKit -->
  <testcase classname="TestNG.About" name="f_AccessReviews" time="0.0">
    <ignored/>
  </testcase> <!-- f_AccessReviews -->
  <testcase classname="TestNG.About" name="b_AboutUs" time="0.0">
    <ignored/>
  </testcase> <!-- b_AboutUs -->
  <testcase classname="TestNG.About" name="h_CookiePolicy" time="0.0">
    <ignored/>
  </testcase> <!-- h_CookiePolicy -->
</testsuite> <!-- Test(failed) -->
